<?xml version="1.0" encoding="UTF-8"?>
<testsuite xmlns:xsi="http://www.w3.org/2001/XMLSchema-instance" xsi:noNamespaceSchemaLocation="https://maven.apache.org/surefire/maven-surefire-plugin/xsd/surefire-test-report-3.0.xsd" version="3.0" name="YelpReviewMapperTest" time="0.213" tests="1" errors="0" skipped="0" failures="1">
  <properties>
    <property name="sun.desktop" value="windows"/>
    <property name="awt.toolkit" value="sun.awt.windows.WToolkit"/>
    <property name="java.specification.version" value="11"/>
    <property name="sun.cpu.isalist" value="amd64"/>
    <property name="sun.jnu.encoding" value="Cp1252"/>
    <property name="java.class.path" value="c:\Users\Wyatt\Desktop\Code\BigData\Proj3\demo\target\test-classes;c:\Users\Wyatt\Desktop\Code\BigData\Proj3\demo\target\classes;C:\Users\Wyatt\.m2\repository\org\apache\hadoop\hadoop-common\3.3.5\hadoop-common-3.3.5.jar;C:\Users\Wyatt\.m2\repository\org\apache\hadoop\thirdparty\hadoop-shaded-protobuf_3_7\1.1.1\hadoop-shaded-protobuf_3_7-1.1.1.jar;C:\Users\Wyatt\.m2\repository\org\apache\hadoop\hadoop-annotations\3.3.5\hadoop-annotations-3.3.5.jar;C:\Users\Wyatt\.m2\repository\org\apache\hadoop\thirdparty\hadoop-shaded-guava\1.1.1\hadoop-shaded-guava-1.1.1.jar;C:\Users\Wyatt\.m2\repository\com\google\guava\guava\27.0-jre\guava-27.0-jre.jar;C:\Users\Wyatt\.m2\repository\com\google\guava\failureaccess\1.0\failureaccess-1.0.jar;C:\Users\Wyatt\.m2\repository\com\google\guava\listenablefuture\9999.0-empty-to-avoid-conflict-with-guava\listenablefuture-9999.0-empty-to-avoid-conflict-with-guava.jar;C:\Users\Wyatt\.m2\repository\org\checkerframework\checker-qual\2.5.2\checker-qual-2.5.2.jar;C:\Users\Wyatt\.m2\repository\com\google\j2objc\j2objc-annotations\1.1\j2objc-annotations-1.1.jar;C:\Users\Wyatt\.m2\repository\org\codehaus\mojo\animal-sniffer-annotations\1.17\animal-sniffer-annotations-1.17.jar;C:\Users\Wyatt\.m2\repository\commons-cli\commons-cli\1.2\commons-cli-1.2.jar;C:\Users\Wyatt\.m2\repository\org\apache\commons\commons-math3\3.1.1\commons-math3-3.1.1.jar;C:\Users\Wyatt\.m2\repository\org\apache\httpcomponents\httpclient\4.5.13\httpclient-4.5.13.jar;C:\Users\Wyatt\.m2\repository\org\apache\httpcomponents\httpcore\4.4.13\httpcore-4.4.13.jar;C:\Users\Wyatt\.m2\repository\commons-codec\commons-codec\1.15\commons-codec-1.15.jar;C:\Users\Wyatt\.m2\repository\commons-io\commons-io\2.8.0\commons-io-2.8.0.jar;C:\Users\Wyatt\.m2\repository\commons-net\commons-net\3.9.0\commons-net-3.9.0.jar;C:\Users\Wyatt\.m2\repository\commons-collections\commons-collections\3.2.2\commons-collections-3.2.2.jar;C:\Users\Wyatt\.m2\repository\javax\servlet\javax.servlet-api\3.1.0\javax.servlet-api-3.1.0.jar;C:\Users\Wyatt\.m2\repository\jakarta\activation\jakarta.activation-api\1.2.1\jakarta.activation-api-1.2.1.jar;C:\Users\Wyatt\.m2\repository\org\eclipse\jetty\jetty-server\9.4.48.v20220622\jetty-server-9.4.48.v20220622.jar;C:\Users\Wyatt\.m2\repository\org\eclipse\jetty\jetty-http\9.4.48.v20220622\jetty-http-9.4.48.v20220622.jar;C:\Users\Wyatt\.m2\repository\org\eclipse\jetty\jetty-io\9.4.48.v20220622\jetty-io-9.4.48.v20220622.jar;C:\Users\Wyatt\.m2\repository\org\eclipse\jetty\jetty-util\9.4.48.v20220622\jetty-util-9.4.48.v20220622.jar;C:\Users\Wyatt\.m2\repository\org\eclipse\jetty\jetty-servlet\9.4.48.v20220622\jetty-servlet-9.4.48.v20220622.jar;C:\Users\Wyatt\.m2\repository\org\eclipse\jetty\jetty-security\9.4.48.v20220622\jetty-security-9.4.48.v20220622.jar;C:\Users\Wyatt\.m2\repository\org\eclipse\jetty\jetty-util-ajax\9.4.48.v20220622\jetty-util-ajax-9.4.48.v20220622.jar;C:\Users\Wyatt\.m2\repository\org\eclipse\jetty\jetty-webapp\9.4.48.v20220622\jetty-webapp-9.4.48.v20220622.jar;C:\Users\Wyatt\.m2\repository\org\eclipse\jetty\jetty-xml\9.4.48.v20220622\jetty-xml-9.4.48.v20220622.jar;C:\Users\Wyatt\.m2\repository\javax\servlet\jsp\jsp-api\2.1\jsp-api-2.1.jar;C:\Users\Wyatt\.m2\repository\com\sun\jersey\jersey-core\1.19.4\jersey-core-1.19.4.jar;C:\Users\Wyatt\.m2\repository\javax\ws\rs\jsr311-api\1.1.1\jsr311-api-1.1.1.jar;C:\Users\Wyatt\.m2\repository\com\sun\jersey\jersey-servlet\1.19.4\jersey-servlet-1.19.4.jar;C:\Users\Wyatt\.m2\repository\com\github\pjfanning\jersey-json\1.20\jersey-json-1.20.jar;C:\Users\Wyatt\.m2\repository\org\codehaus\jettison\jettison\1.1\jettison-1.1.jar;C:\Users\Wyatt\.m2\repository\com\sun\xml\bind\jaxb-impl\2.2.3-1\jaxb-impl-2.2.3-1.jar;C:\Users\Wyatt\.m2\repository\com\sun\jersey\jersey-server\1.19.4\jersey-server-1.19.4.jar;C:\Users\Wyatt\.m2\repository\commons-logging\commons-logging\1.1.3\commons-logging-1.1.3.jar;C:\Users\Wyatt\.m2\repository\ch\qos\reload4j\reload4j\1.2.22\reload4j-1.2.22.jar;C:\Users\Wyatt\.m2\repository\commons-beanutils\commons-beanutils\1.9.4\commons-beanutils-1.9.4.jar;C:\Users\Wyatt\.m2\repository\org\apache\commons\commons-configuration2\2.8.0\commons-configuration2-2.8.0.jar;C:\Users\Wyatt\.m2\repository\org\apache\commons\commons-lang3\3.12.0\commons-lang3-3.12.0.jar;C:\Users\Wyatt\.m2\repository\org\apache\commons\commons-text\1.10.0\commons-text-1.10.0.jar;C:\Users\Wyatt\.m2\repository\org\slf4j\slf4j-api\1.7.36\slf4j-api-1.7.36.jar;C:\Users\Wyatt\.m2\repository\org\slf4j\slf4j-reload4j\1.7.36\slf4j-reload4j-1.7.36.jar;C:\Users\Wyatt\.m2\repository\org\apache\avro\avro\1.7.7\avro-1.7.7.jar;C:\Users\Wyatt\.m2\repository\org\codehaus\jackson\jackson-core-asl\1.9.13\jackson-core-asl-1.9.13.jar;C:\Users\Wyatt\.m2\repository\org\codehaus\jackson\jackson-mapper-asl\1.9.13\jackson-mapper-asl-1.9.13.jar;C:\Users\Wyatt\.m2\repository\com\thoughtworks\paranamer\paranamer\2.3\paranamer-2.3.jar;C:\Users\Wyatt\.m2\repository\com\google\re2j\re2j\1.1\re2j-1.1.jar;C:\Users\Wyatt\.m2\repository\com\google\protobuf\protobuf-java\2.5.0\protobuf-java-2.5.0.jar;C:\Users\Wyatt\.m2\repository\com\google\code\gson\gson\2.9.0\gson-2.9.0.jar;C:\Users\Wyatt\.m2\repository\org\apache\hadoop\hadoop-auth\3.3.5\hadoop-auth-3.3.5.jar;C:\Users\Wyatt\.m2\repository\com\nimbusds\nimbus-jose-jwt\9.8.1\nimbus-jose-jwt-9.8.1.jar;C:\Users\Wyatt\.m2\repository\com\github\stephenc\jcip\jcip-annotations\1.0-1\jcip-annotations-1.0-1.jar;C:\Users\Wyatt\.m2\repository\net\minidev\json-smart\2.4.7\json-smart-2.4.7.jar;C:\Users\Wyatt\.m2\repository\net\minidev\accessors-smart\2.4.7\accessors-smart-2.4.7.jar;C:\Users\Wyatt\.m2\repository\org\ow2\asm\asm\9.1\asm-9.1.jar;C:\Users\Wyatt\.m2\repository\org\apache\curator\curator-framework\4.2.0\curator-framework-4.2.0.jar;C:\Users\Wyatt\.m2\repository\org\apache\kerby\kerb-simplekdc\1.0.1\kerb-simplekdc-1.0.1.jar;C:\Users\Wyatt\.m2\repository\org\apache\kerby\kerb-client\1.0.1\kerb-client-1.0.1.jar;C:\Users\Wyatt\.m2\repository\org\apache\kerby\kerby-config\1.0.1\kerby-config-1.0.1.jar;C:\Users\Wyatt\.m2\repository\org\apache\kerby\kerb-common\1.0.1\kerb-common-1.0.1.jar;C:\Users\Wyatt\.m2\repository\org\apache\kerby\kerb-crypto\1.0.1\kerb-crypto-1.0.1.jar;C:\Users\Wyatt\.m2\repository\org\apache\kerby\kerb-util\1.0.1\kerb-util-1.0.1.jar;C:\Users\Wyatt\.m2\repository\org\apache\kerby\token-provider\1.0.1\token-provider-1.0.1.jar;C:\Users\Wyatt\.m2\repository\org\apache\kerby\kerb-admin\1.0.1\kerb-admin-1.0.1.jar;C:\Users\Wyatt\.m2\repository\org\apache\kerby\kerb-server\1.0.1\kerb-server-1.0.1.jar;C:\Users\Wyatt\.m2\repository\org\apache\kerby\kerb-identity\1.0.1\kerb-identity-1.0.1.jar;C:\Users\Wyatt\.m2\repository\org\apache\kerby\kerby-xdr\1.0.1\kerby-xdr-1.0.1.jar;C:\Users\Wyatt\.m2\repository\com\jcraft\jsch\0.1.55\jsch-0.1.55.jar;C:\Users\Wyatt\.m2\repository\org\apache\curator\curator-client\4.2.0\curator-client-4.2.0.jar;C:\Users\Wyatt\.m2\repository\org\apache\curator\curator-recipes\4.2.0\curator-recipes-4.2.0.jar;C:\Users\Wyatt\.m2\repository\com\google\code\findbugs\jsr305\3.0.2\jsr305-3.0.2.jar;C:\Users\Wyatt\.m2\repository\org\apache\zookeeper\zookeeper\3.5.6\zookeeper-3.5.6.jar;C:\Users\Wyatt\.m2\repository\org\apache\zookeeper\zookeeper-jute\3.5.6\zookeeper-jute-3.5.6.jar;C:\Users\Wyatt\.m2\repository\org\apache\yetus\audience-annotations\0.5.0\audience-annotations-0.5.0.jar;C:\Users\Wyatt\.m2\repository\io\netty\netty-handler\4.1.42.Final\netty-handler-4.1.42.Final.jar;C:\Users\Wyatt\.m2\repository\io\netty\netty-common\4.1.42.Final\netty-common-4.1.42.Final.jar;C:\Users\Wyatt\.m2\repository\io\netty\netty-buffer\4.1.42.Final\netty-buffer-4.1.42.Final.jar;C:\Users\Wyatt\.m2\repository\io\netty\netty-transport\4.1.42.Final\netty-transport-4.1.42.Final.jar;C:\Users\Wyatt\.m2\repository\io\netty\netty-codec\4.1.42.Final\netty-codec-4.1.42.Final.jar;C:\Users\Wyatt\.m2\repository\io\netty\netty-transport-native-epoll\4.1.42.Final\netty-transport-native-epoll-4.1.42.Final.jar;C:\Users\Wyatt\.m2\repository\io\netty\netty-transport-native-unix-common\4.1.42.Final\netty-transport-native-unix-common-4.1.42.Final.jar;C:\Users\Wyatt\.m2\repository\org\slf4j\slf4j-log4j12\1.7.25\slf4j-log4j12-1.7.25.jar;C:\Users\Wyatt\.m2\repository\log4j\log4j\1.2.17\log4j-1.2.17.jar;C:\Users\Wyatt\.m2\repository\org\apache\commons\commons-compress\1.21\commons-compress-1.21.jar;C:\Users\Wyatt\.m2\repository\org\apache\kerby\kerb-core\1.0.1\kerb-core-1.0.1.jar;C:\Users\Wyatt\.m2\repository\org\apache\kerby\kerby-pkix\1.0.1\kerby-pkix-1.0.1.jar;C:\Users\Wyatt\.m2\repository\org\apache\kerby\kerby-asn1\1.0.1\kerby-asn1-1.0.1.jar;C:\Users\Wyatt\.m2\repository\org\apache\kerby\kerby-util\1.0.1\kerby-util-1.0.1.jar;C:\Users\Wyatt\.m2\repository\com\fasterxml\jackson\core\jackson-databind\2.12.7.1\jackson-databind-2.12.7.1.jar;C:\Users\Wyatt\.m2\repository\com\fasterxml\jackson\core\jackson-annotations\2.12.7\jackson-annotations-2.12.7.jar;C:\Users\Wyatt\.m2\repository\com\fasterxml\jackson\core\jackson-core\2.12.7\jackson-core-2.12.7.jar;C:\Users\Wyatt\.m2\repository\org\codehaus\woodstox\stax2-api\4.2.1\stax2-api-4.2.1.jar;C:\Users\Wyatt\.m2\repository\com\fasterxml\woodstox\woodstox-core\5.4.0\woodstox-core-5.4.0.jar;C:\Users\Wyatt\.m2\repository\dnsjava\dnsjava\2.1.7\dnsjava-2.1.7.jar;C:\Users\Wyatt\.m2\repository\org\xerial\snappy\snappy-java\1.1.8.2\snappy-java-1.1.8.2.jar;C:\Users\Wyatt\.m2\repository\org\apache\hadoop\hadoop-mapreduce-client-core\3.3.5\hadoop-mapreduce-client-core-3.3.5.jar;C:\Users\Wyatt\.m2\repository\org\apache\hadoop\hadoop-yarn-client\3.3.5\hadoop-yarn-client-3.3.5.jar;C:\Users\Wyatt\.m2\repository\org\eclipse\jetty\websocket\websocket-client\9.4.48.v20220622\websocket-client-9.4.48.v20220622.jar;C:\Users\Wyatt\.m2\repository\org\eclipse\jetty\jetty-client\9.4.48.v20220622\jetty-client-9.4.48.v20220622.jar;C:\Users\Wyatt\.m2\repository\org\eclipse\jetty\websocket\websocket-common\9.4.48.v20220622\websocket-common-9.4.48.v20220622.jar;C:\Users\Wyatt\.m2\repository\org\eclipse\jetty\websocket\websocket-api\9.4.48.v20220622\websocket-api-9.4.48.v20220622.jar;C:\Users\Wyatt\.m2\repository\org\jline\jline\3.9.0\jline-3.9.0.jar;C:\Users\Wyatt\.m2\repository\org\apache\hadoop\hadoop-yarn-common\3.3.5\hadoop-yarn-common-3.3.5.jar;C:\Users\Wyatt\.m2\repository\javax\xml\bind\jaxb-api\2.2.11\jaxb-api-2.2.11.jar;C:\Users\Wyatt\.m2\repository\com\sun\jersey\jersey-client\1.19.4\jersey-client-1.19.4.jar;C:\Users\Wyatt\.m2\repository\com\google\inject\guice\4.0\guice-4.0.jar;C:\Users\Wyatt\.m2\repository\javax\inject\javax.inject\1\javax.inject-1.jar;C:\Users\Wyatt\.m2\repository\aopalliance\aopalliance\1.0\aopalliance-1.0.jar;C:\Users\Wyatt\.m2\repository\com\sun\jersey\contribs\jersey-guice\1.19.4\jersey-guice-1.19.4.jar;C:\Users\Wyatt\.m2\repository\com\fasterxml\jackson\module\jackson-module-jaxb-annotations\2.12.7\jackson-module-jaxb-annotations-2.12.7.jar;C:\Users\Wyatt\.m2\repository\jakarta\xml\bind\jakarta.xml.bind-api\2.3.2\jakarta.xml.bind-api-2.3.2.jar;C:\Users\Wyatt\.m2\repository\com\fasterxml\jackson\jaxrs\jackson-jaxrs-json-provider\2.12.7\jackson-jaxrs-json-provider-2.12.7.jar;C:\Users\Wyatt\.m2\repository\com\fasterxml\jackson\jaxrs\jackson-jaxrs-base\2.12.7\jackson-jaxrs-base-2.12.7.jar;C:\Users\Wyatt\.m2\repository\org\apache\hadoop\hadoop-hdfs-client\3.3.5\hadoop-hdfs-client-3.3.5.jar;C:\Users\Wyatt\.m2\repository\com\squareup\okhttp3\okhttp\4.9.3\okhttp-4.9.3.jar;C:\Users\Wyatt\.m2\repository\com\squareup\okio\okio\2.8.0\okio-2.8.0.jar;C:\Users\Wyatt\.m2\repository\org\jetbrains\kotlin\kotlin-stdlib\1.4.10\kotlin-stdlib-1.4.10.jar;C:\Users\Wyatt\.m2\repository\org\jetbrains\kotlin\kotlin-stdlib-common\1.4.10\kotlin-stdlib-common-1.4.10.jar;C:\Users\Wyatt\.m2\repository\com\google\inject\extensions\guice-servlet\4.0\guice-servlet-4.0.jar;C:\Users\Wyatt\.m2\repository\io\netty\netty\3.10.6.Final\netty-3.10.6.Final.jar;C:\Users\Wyatt\.m2\repository\org\apache\hadoop\hadoop-client\3.3.5\hadoop-client-3.3.5.jar;C:\Users\Wyatt\.m2\repository\org\apache\hadoop\hadoop-yarn-api\3.3.5\hadoop-yarn-api-3.3.5.jar;C:\Users\Wyatt\.m2\repository\org\apache\hadoop\hadoop-mapreduce-client-jobclient\3.3.5\hadoop-mapreduce-client-jobclient-3.3.5.jar;C:\Users\Wyatt\.m2\repository\org\apache\hadoop\hadoop-mapreduce-client-common\3.3.5\hadoop-mapreduce-client-common-3.3.5.jar;C:\Users\Wyatt\.m2\repository\junit\junit\4.11\junit-4.11.jar;C:\Users\Wyatt\.m2\repository\org\hamcrest\hamcrest-core\1.3\hamcrest-core-1.3.jar;C:\Users\Wyatt\.m2\repository\org\apache\mrunit\mrunit\1.1.0\mrunit-1.1.0-hadoop2.jar;C:\Users\Wyatt\.m2\repository\org\mockito\mockito-core\1.9.5\mockito-core-1.9.5.jar;C:\Users\Wyatt\.m2\repository\org\objenesis\objenesis\1.0\objenesis-1.0.jar;C:\Users\Wyatt\.m2\repository\org\powermock\powermock-core\1.5.1\powermock-core-1.5.1.jar;C:\Users\Wyatt\.m2\repository\org\powermock\powermock-reflect\1.5.1\powermock-reflect-1.5.1.jar;C:\Users\Wyatt\.m2\repository\org\javassist\javassist\3.18.0-GA\javassist-3.18.0-GA.jar;C:\Users\Wyatt\.m2\repository\org\powermock\powermock-api-mockito\1.5.1\powermock-api-mockito-1.5.1.jar;C:\Users\Wyatt\.m2\repository\org\powermock\powermock-api-support\1.5.1\powermock-api-support-1.5.1.jar;C:\Users\Wyatt\.m2\repository\org\powermock\powermock-module-junit4\1.5.1\powermock-module-junit4-1.5.1.jar;C:\Users\Wyatt\.m2\repository\org\powermock\powermock-module-junit4-common\1.5.1\powermock-module-junit4-common-1.5.1.jar;C:\Users\Wyatt\.m2\repository\org\apache\hadoop\hadoop-minicluster\3.3.5\hadoop-minicluster-3.3.5.jar;C:\Users\Wyatt\.m2\repository\org\apache\hadoop\hadoop-common\3.3.5\hadoop-common-3.3.5-tests.jar;C:\Users\Wyatt\.m2\repository\org\apache\hadoop\hadoop-hdfs\3.3.5\hadoop-hdfs-3.3.5-tests.jar;C:\Users\Wyatt\.m2\repository\commons-daemon\commons-daemon\1.0.13\commons-daemon-1.0.13.jar;C:\Users\Wyatt\.m2\repository\io\netty\netty-all\4.1.77.Final\netty-all-4.1.77.Final.jar;C:\Users\Wyatt\.m2\repository\io\netty\netty-codec-dns\4.1.77.Final\netty-codec-dns-4.1.77.Final.jar;C:\Users\Wyatt\.m2\repository\io\netty\netty-codec-haproxy\4.1.77.Final\netty-codec-haproxy-4.1.77.Final.jar;C:\Users\Wyatt\.m2\repository\io\netty\netty-codec-http\4.1.77.Final\netty-codec-http-4.1.77.Final.jar;C:\Users\Wyatt\.m2\repository\io\netty\netty-codec-http2\4.1.77.Final\netty-codec-http2-4.1.77.Final.jar;C:\Users\Wyatt\.m2\repository\io\netty\netty-codec-memcache\4.1.77.Final\netty-codec-memcache-4.1.77.Final.jar;C:\Users\Wyatt\.m2\repository\io\netty\netty-codec-mqtt\4.1.77.Final\netty-codec-mqtt-4.1.77.Final.jar;C:\Users\Wyatt\.m2\repository\io\netty\netty-codec-redis\4.1.77.Final\netty-codec-redis-4.1.77.Final.jar;C:\Users\Wyatt\.m2\repository\io\netty\netty-codec-smtp\4.1.77.Final\netty-codec-smtp-4.1.77.Final.jar;C:\Users\Wyatt\.m2\repository\io\netty\netty-codec-socks\4.1.77.Final\netty-codec-socks-4.1.77.Final.jar;C:\Users\Wyatt\.m2\repository\io\netty\netty-codec-stomp\4.1.77.Final\netty-codec-stomp-4.1.77.Final.jar;C:\Users\Wyatt\.m2\repository\io\netty\netty-codec-xml\4.1.77.Final\netty-codec-xml-4.1.77.Final.jar;C:\Users\Wyatt\.m2\repository\io\netty\netty-handler-proxy\4.1.77.Final\netty-handler-proxy-4.1.77.Final.jar;C:\Users\Wyatt\.m2\repository\io\netty\netty-resolver\4.1.77.Final\netty-resolver-4.1.77.Final.jar;C:\Users\Wyatt\.m2\repository\io\netty\netty-resolver-dns\4.1.77.Final\netty-resolver-dns-4.1.77.Final.jar;C:\Users\Wyatt\.m2\repository\io\netty\netty-transport-rxtx\4.1.77.Final\netty-transport-rxtx-4.1.77.Final.jar;C:\Users\Wyatt\.m2\repository\io\netty\netty-transport-sctp\4.1.77.Final\netty-transport-sctp-4.1.77.Final.jar;C:\Users\Wyatt\.m2\repository\io\netty\netty-transport-udt\4.1.77.Final\netty-transport-udt-4.1.77.Final.jar;C:\Users\Wyatt\.m2\repository\io\netty\netty-transport-classes-epoll\4.1.77.Final\netty-transport-classes-epoll-4.1.77.Final.jar;C:\Users\Wyatt\.m2\repository\io\netty\netty-transport-classes-kqueue\4.1.77.Final\netty-transport-classes-kqueue-4.1.77.Final.jar;C:\Users\Wyatt\.m2\repository\io\netty\netty-resolver-dns-classes-macos\4.1.77.Final\netty-resolver-dns-classes-macos-4.1.77.Final.jar;C:\Users\Wyatt\.m2\repository\io\netty\netty-transport-native-epoll\4.1.77.Final\netty-transport-native-epoll-4.1.77.Final-linux-x86_64.jar;C:\Users\Wyatt\.m2\repository\io\netty\netty-transport-native-epoll\4.1.77.Final\netty-transport-native-epoll-4.1.77.Final-linux-aarch_64.jar;C:\Users\Wyatt\.m2\repository\io\netty\netty-transport-native-kqueue\4.1.77.Final\netty-transport-native-kqueue-4.1.77.Final-osx-x86_64.jar;C:\Users\Wyatt\.m2\repository\io\netty\netty-transport-native-kqueue\4.1.77.Final\netty-transport-native-kqueue-4.1.77.Final-osx-aarch_64.jar;C:\Users\Wyatt\.m2\repository\io\netty\netty-resolver-dns-native-macos\4.1.77.Final\netty-resolver-dns-native-macos-4.1.77.Final-osx-x86_64.jar;C:\Users\Wyatt\.m2\repository\io\netty\netty-resolver-dns-native-macos\4.1.77.Final\netty-resolver-dns-native-macos-4.1.77.Final-osx-aarch_64.jar;C:\Users\Wyatt\.m2\repository\org\fusesource\leveldbjni\leveldbjni-all\1.8\leveldbjni-all-1.8.jar;C:\Users\Wyatt\.m2\repository\org\apache\hadoop\hadoop-yarn-server-tests\3.3.5\hadoop-yarn-server-tests-3.3.5-tests.jar;C:\Users\Wyatt\.m2\repository\org\apache\hadoop\hadoop-yarn-server-common\3.3.5\hadoop-yarn-server-common-3.3.5.jar;C:\Users\Wyatt\.m2\repository\org\apache\hadoop\hadoop-registry\3.3.5\hadoop-registry-3.3.5.jar;C:\Users\Wyatt\.m2\repository\org\apache\geronimo\specs\geronimo-jcache_1.0_spec\1.0-alpha-1\geronimo-jcache_1.0_spec-1.0-alpha-1.jar;C:\Users\Wyatt\.m2\repository\org\ehcache\ehcache\3.3.1\ehcache-3.3.1.jar;C:\Users\Wyatt\.m2\repository\com\zaxxer\HikariCP-java7\2.4.12\HikariCP-java7-2.4.12.jar;C:\Users\Wyatt\.m2\repository\com\microsoft\sqlserver\mssql-jdbc\6.2.1.jre7\mssql-jdbc-6.2.1.jre7.jar;C:\Users\Wyatt\.m2\repository\org\apache\hadoop\hadoop-yarn-server-nodemanager\3.3.5\hadoop-yarn-server-nodemanager-3.3.5.jar;C:\Users\Wyatt\.m2\repository\org\eclipse\jetty\websocket\javax-websocket-server-impl\9.4.48.v20220622\javax-websocket-server-impl-9.4.48.v20220622.jar;C:\Users\Wyatt\.m2\repository\org\eclipse\jetty\jetty-annotations\9.4.48.v20220622\jetty-annotations-9.4.48.v20220622.jar;C:\Users\Wyatt\.m2\repository\org\eclipse\jetty\jetty-plus\9.4.48.v20220622\jetty-plus-9.4.48.v20220622.jar;C:\Users\Wyatt\.m2\repository\org\eclipse\jetty\jetty-jndi\9.4.48.v20220622\jetty-jndi-9.4.48.v20220622.jar;C:\Users\Wyatt\.m2\repository\javax\annotation\javax.annotation-api\1.3.2\javax.annotation-api-1.3.2.jar;C:\Users\Wyatt\.m2\repository\org\ow2\asm\asm-commons\9.3\asm-commons-9.3.jar;C:\Users\Wyatt\.m2\repository\org\ow2\asm\asm-tree\9.3\asm-tree-9.3.jar;C:\Users\Wyatt\.m2\repository\org\ow2\asm\asm-analysis\9.3\asm-analysis-9.3.jar;C:\Users\Wyatt\.m2\repository\org\eclipse\jetty\websocket\javax-websocket-client-impl\9.4.48.v20220622\javax-websocket-client-impl-9.4.48.v20220622.jar;C:\Users\Wyatt\.m2\repository\javax\websocket\javax.websocket-client-api\1.0\javax.websocket-client-api-1.0.jar;C:\Users\Wyatt\.m2\repository\org\eclipse\jetty\websocket\websocket-server\9.4.48.v20220622\websocket-server-9.4.48.v20220622.jar;C:\Users\Wyatt\.m2\repository\org\eclipse\jetty\websocket\websocket-servlet\9.4.48.v20220622\websocket-servlet-9.4.48.v20220622.jar;C:\Users\Wyatt\.m2\repository\javax\websocket\javax.websocket-api\1.0\javax.websocket-api-1.0.jar;C:\Users\Wyatt\.m2\repository\io\dropwizard\metrics\metrics-core\3.2.4\metrics-core-3.2.4.jar;C:\Users\Wyatt\.m2\repository\net\java\dev\jna\jna\5.2.0\jna-5.2.0.jar;C:\Users\Wyatt\.m2\repository\org\apache\hadoop\hadoop-yarn-server-resourcemanager\3.3.5\hadoop-yarn-server-resourcemanager-3.3.5.jar;C:\Users\Wyatt\.m2\repository\org\apache\hadoop\hadoop-yarn-server-applicationhistoryservice\3.3.5\hadoop-yarn-server-applicationhistoryservice-3.3.5.jar;C:\Users\Wyatt\.m2\repository\de\ruedigermoeller\fst\2.50\fst-2.50.jar;C:\Users\Wyatt\.m2\repository\com\cedarsoftware\java-util\1.9.0\java-util-1.9.0.jar;C:\Users\Wyatt\.m2\repository\com\cedarsoftware\json-io\2.5.1\json-io-2.5.1.jar;C:\Users\Wyatt\.m2\repository\org\apache\hadoop\hadoop-yarn-server-timelineservice\3.3.5\hadoop-yarn-server-timelineservice-3.3.5.jar;C:\Users\Wyatt\.m2\repository\org\apache\commons\commons-csv\1.9.0\commons-csv-1.9.0.jar;C:\Users\Wyatt\.m2\repository\org\apache\hadoop\hadoop-mapreduce-client-jobclient\3.3.5\hadoop-mapreduce-client-jobclient-3.3.5-tests.jar;C:\Users\Wyatt\.m2\repository\org\apache\hadoop\hadoop-hdfs\3.3.5\hadoop-hdfs-3.3.5.jar;C:\Users\Wyatt\.m2\repository\org\apache\hadoop\hadoop-mapreduce-client-app\3.3.5\hadoop-mapreduce-client-app-3.3.5.jar;C:\Users\Wyatt\.m2\repository\org\apache\hadoop\hadoop-mapreduce-client-shuffle\3.3.5\hadoop-mapreduce-client-shuffle-3.3.5.jar;C:\Users\Wyatt\.m2\repository\org\apache\hadoop\hadoop-mapreduce-client-hs\3.3.5\hadoop-mapreduce-client-hs-3.3.5.jar;C:\Users\Wyatt\.m2\repository\org\apache\hadoop\hadoop-yarn-server-web-proxy\3.3.5\hadoop-yarn-server-web-proxy-3.3.5.jar;C:\Users\Wyatt\.m2\repository\org\bouncycastle\bcprov-jdk15on\1.68\bcprov-jdk15on-1.68.jar;C:\Users\Wyatt\.m2\repository\org\bouncycastle\bcpkix-jdk15on\1.68\bcpkix-jdk15on-1.68.jar;"/>
    <property name="java.vm.vendor" value="Oracle Corporation"/>
    <property name="sun.arch.data.model" value="64"/>
    <property name="user.variant" value=""/>
    <property name="java.vendor.url" value="https://openjdk.java.net/"/>
    <property name="user.timezone" value="America/New_York"/>
    <property name="java.vm.specification.version" value="11"/>
    <property name="os.name" value="Windows 11"/>
    <property name="sun.java.launcher" value="SUN_STANDARD"/>
    <property name="user.country" value="US"/>
    <property name="sun.boot.library.path" value="C:\Program Files\Java\jdk-11\bin"/>
    <property name="sun.java.command" value="C:\Users\Wyatt\AppData\Local\Temp\surefire12902998483747866292\surefirebooter-20231010190749306_3.jar C:\Users\Wyatt\AppData\Local\Temp\surefire12902998483747866292 2023-10-10T19-07-48_530-jvmRun1 surefire-20231010190749306_1tmp surefire_0-20231010190749306_2tmp"/>
    <property name="jdk.debug" value="release"/>
    <property name="surefire.test.class.path" value="c:\Users\Wyatt\Desktop\Code\BigData\Proj3\demo\target\test-classes;c:\Users\Wyatt\Desktop\Code\BigData\Proj3\demo\target\classes;C:\Users\Wyatt\.m2\repository\org\apache\hadoop\hadoop-common\3.3.5\hadoop-common-3.3.5.jar;C:\Users\Wyatt\.m2\repository\org\apache\hadoop\thirdparty\hadoop-shaded-protobuf_3_7\1.1.1\hadoop-shaded-protobuf_3_7-1.1.1.jar;C:\Users\Wyatt\.m2\repository\org\apache\hadoop\hadoop-annotations\3.3.5\hadoop-annotations-3.3.5.jar;C:\Users\Wyatt\.m2\repository\org\apache\hadoop\thirdparty\hadoop-shaded-guava\1.1.1\hadoop-shaded-guava-1.1.1.jar;C:\Users\Wyatt\.m2\repository\com\google\guava\guava\27.0-jre\guava-27.0-jre.jar;C:\Users\Wyatt\.m2\repository\com\google\guava\failureaccess\1.0\failureaccess-1.0.jar;C:\Users\Wyatt\.m2\repository\com\google\guava\listenablefuture\9999.0-empty-to-avoid-conflict-with-guava\listenablefuture-9999.0-empty-to-avoid-conflict-with-guava.jar;C:\Users\Wyatt\.m2\repository\org\checkerframework\checker-qual\2.5.2\checker-qual-2.5.2.jar;C:\Users\Wyatt\.m2\repository\com\google\j2objc\j2objc-annotations\1.1\j2objc-annotations-1.1.jar;C:\Users\Wyatt\.m2\repository\org\codehaus\mojo\animal-sniffer-annotations\1.17\animal-sniffer-annotations-1.17.jar;C:\Users\Wyatt\.m2\repository\commons-cli\commons-cli\1.2\commons-cli-1.2.jar;C:\Users\Wyatt\.m2\repository\org\apache\commons\commons-math3\3.1.1\commons-math3-3.1.1.jar;C:\Users\Wyatt\.m2\repository\org\apache\httpcomponents\httpclient\4.5.13\httpclient-4.5.13.jar;C:\Users\Wyatt\.m2\repository\org\apache\httpcomponents\httpcore\4.4.13\httpcore-4.4.13.jar;C:\Users\Wyatt\.m2\repository\commons-codec\commons-codec\1.15\commons-codec-1.15.jar;C:\Users\Wyatt\.m2\repository\commons-io\commons-io\2.8.0\commons-io-2.8.0.jar;C:\Users\Wyatt\.m2\repository\commons-net\commons-net\3.9.0\commons-net-3.9.0.jar;C:\Users\Wyatt\.m2\repository\commons-collections\commons-collections\3.2.2\commons-collections-3.2.2.jar;C:\Users\Wyatt\.m2\repository\javax\servlet\javax.servlet-api\3.1.0\javax.servlet-api-3.1.0.jar;C:\Users\Wyatt\.m2\repository\jakarta\activation\jakarta.activation-api\1.2.1\jakarta.activation-api-1.2.1.jar;C:\Users\Wyatt\.m2\repository\org\eclipse\jetty\jetty-server\9.4.48.v20220622\jetty-server-9.4.48.v20220622.jar;C:\Users\Wyatt\.m2\repository\org\eclipse\jetty\jetty-http\9.4.48.v20220622\jetty-http-9.4.48.v20220622.jar;C:\Users\Wyatt\.m2\repository\org\eclipse\jetty\jetty-io\9.4.48.v20220622\jetty-io-9.4.48.v20220622.jar;C:\Users\Wyatt\.m2\repository\org\eclipse\jetty\jetty-util\9.4.48.v20220622\jetty-util-9.4.48.v20220622.jar;C:\Users\Wyatt\.m2\repository\org\eclipse\jetty\jetty-servlet\9.4.48.v20220622\jetty-servlet-9.4.48.v20220622.jar;C:\Users\Wyatt\.m2\repository\org\eclipse\jetty\jetty-security\9.4.48.v20220622\jetty-security-9.4.48.v20220622.jar;C:\Users\Wyatt\.m2\repository\org\eclipse\jetty\jetty-util-ajax\9.4.48.v20220622\jetty-util-ajax-9.4.48.v20220622.jar;C:\Users\Wyatt\.m2\repository\org\eclipse\jetty\jetty-webapp\9.4.48.v20220622\jetty-webapp-9.4.48.v20220622.jar;C:\Users\Wyatt\.m2\repository\org\eclipse\jetty\jetty-xml\9.4.48.v20220622\jetty-xml-9.4.48.v20220622.jar;C:\Users\Wyatt\.m2\repository\javax\servlet\jsp\jsp-api\2.1\jsp-api-2.1.jar;C:\Users\Wyatt\.m2\repository\com\sun\jersey\jersey-core\1.19.4\jersey-core-1.19.4.jar;C:\Users\Wyatt\.m2\repository\javax\ws\rs\jsr311-api\1.1.1\jsr311-api-1.1.1.jar;C:\Users\Wyatt\.m2\repository\com\sun\jersey\jersey-servlet\1.19.4\jersey-servlet-1.19.4.jar;C:\Users\Wyatt\.m2\repository\com\github\pjfanning\jersey-json\1.20\jersey-json-1.20.jar;C:\Users\Wyatt\.m2\repository\org\codehaus\jettison\jettison\1.1\jettison-1.1.jar;C:\Users\Wyatt\.m2\repository\com\sun\xml\bind\jaxb-impl\2.2.3-1\jaxb-impl-2.2.3-1.jar;C:\Users\Wyatt\.m2\repository\com\sun\jersey\jersey-server\1.19.4\jersey-server-1.19.4.jar;C:\Users\Wyatt\.m2\repository\commons-logging\commons-logging\1.1.3\commons-logging-1.1.3.jar;C:\Users\Wyatt\.m2\repository\ch\qos\reload4j\reload4j\1.2.22\reload4j-1.2.22.jar;C:\Users\Wyatt\.m2\repository\commons-beanutils\commons-beanutils\1.9.4\commons-beanutils-1.9.4.jar;C:\Users\Wyatt\.m2\repository\org\apache\commons\commons-configuration2\2.8.0\commons-configuration2-2.8.0.jar;C:\Users\Wyatt\.m2\repository\org\apache\commons\commons-lang3\3.12.0\commons-lang3-3.12.0.jar;C:\Users\Wyatt\.m2\repository\org\apache\commons\commons-text\1.10.0\commons-text-1.10.0.jar;C:\Users\Wyatt\.m2\repository\org\slf4j\slf4j-api\1.7.36\slf4j-api-1.7.36.jar;C:\Users\Wyatt\.m2\repository\org\slf4j\slf4j-reload4j\1.7.36\slf4j-reload4j-1.7.36.jar;C:\Users\Wyatt\.m2\repository\org\apache\avro\avro\1.7.7\avro-1.7.7.jar;C:\Users\Wyatt\.m2\repository\org\codehaus\jackson\jackson-core-asl\1.9.13\jackson-core-asl-1.9.13.jar;C:\Users\Wyatt\.m2\repository\org\codehaus\jackson\jackson-mapper-asl\1.9.13\jackson-mapper-asl-1.9.13.jar;C:\Users\Wyatt\.m2\repository\com\thoughtworks\paranamer\paranamer\2.3\paranamer-2.3.jar;C:\Users\Wyatt\.m2\repository\com\google\re2j\re2j\1.1\re2j-1.1.jar;C:\Users\Wyatt\.m2\repository\com\google\protobuf\protobuf-java\2.5.0\protobuf-java-2.5.0.jar;C:\Users\Wyatt\.m2\repository\com\google\code\gson\gson\2.9.0\gson-2.9.0.jar;C:\Users\Wyatt\.m2\repository\org\apache\hadoop\hadoop-auth\3.3.5\hadoop-auth-3.3.5.jar;C:\Users\Wyatt\.m2\repository\com\nimbusds\nimbus-jose-jwt\9.8.1\nimbus-jose-jwt-9.8.1.jar;C:\Users\Wyatt\.m2\repository\com\github\stephenc\jcip\jcip-annotations\1.0-1\jcip-annotations-1.0-1.jar;C:\Users\Wyatt\.m2\repository\net\minidev\json-smart\2.4.7\json-smart-2.4.7.jar;C:\Users\Wyatt\.m2\repository\net\minidev\accessors-smart\2.4.7\accessors-smart-2.4.7.jar;C:\Users\Wyatt\.m2\repository\org\ow2\asm\asm\9.1\asm-9.1.jar;C:\Users\Wyatt\.m2\repository\org\apache\curator\curator-framework\4.2.0\curator-framework-4.2.0.jar;C:\Users\Wyatt\.m2\repository\org\apache\kerby\kerb-simplekdc\1.0.1\kerb-simplekdc-1.0.1.jar;C:\Users\Wyatt\.m2\repository\org\apache\kerby\kerb-client\1.0.1\kerb-client-1.0.1.jar;C:\Users\Wyatt\.m2\repository\org\apache\kerby\kerby-config\1.0.1\kerby-config-1.0.1.jar;C:\Users\Wyatt\.m2\repository\org\apache\kerby\kerb-common\1.0.1\kerb-common-1.0.1.jar;C:\Users\Wyatt\.m2\repository\org\apache\kerby\kerb-crypto\1.0.1\kerb-crypto-1.0.1.jar;C:\Users\Wyatt\.m2\repository\org\apache\kerby\kerb-util\1.0.1\kerb-util-1.0.1.jar;C:\Users\Wyatt\.m2\repository\org\apache\kerby\token-provider\1.0.1\token-provider-1.0.1.jar;C:\Users\Wyatt\.m2\repository\org\apache\kerby\kerb-admin\1.0.1\kerb-admin-1.0.1.jar;C:\Users\Wyatt\.m2\repository\org\apache\kerby\kerb-server\1.0.1\kerb-server-1.0.1.jar;C:\Users\Wyatt\.m2\repository\org\apache\kerby\kerb-identity\1.0.1\kerb-identity-1.0.1.jar;C:\Users\Wyatt\.m2\repository\org\apache\kerby\kerby-xdr\1.0.1\kerby-xdr-1.0.1.jar;C:\Users\Wyatt\.m2\repository\com\jcraft\jsch\0.1.55\jsch-0.1.55.jar;C:\Users\Wyatt\.m2\repository\org\apache\curator\curator-client\4.2.0\curator-client-4.2.0.jar;C:\Users\Wyatt\.m2\repository\org\apache\curator\curator-recipes\4.2.0\curator-recipes-4.2.0.jar;C:\Users\Wyatt\.m2\repository\com\google\code\findbugs\jsr305\3.0.2\jsr305-3.0.2.jar;C:\Users\Wyatt\.m2\repository\org\apache\zookeeper\zookeeper\3.5.6\zookeeper-3.5.6.jar;C:\Users\Wyatt\.m2\repository\org\apache\zookeeper\zookeeper-jute\3.5.6\zookeeper-jute-3.5.6.jar;C:\Users\Wyatt\.m2\repository\org\apache\yetus\audience-annotations\0.5.0\audience-annotations-0.5.0.jar;C:\Users\Wyatt\.m2\repository\io\netty\netty-handler\4.1.42.Final\netty-handler-4.1.42.Final.jar;C:\Users\Wyatt\.m2\repository\io\netty\netty-common\4.1.42.Final\netty-common-4.1.42.Final.jar;C:\Users\Wyatt\.m2\repository\io\netty\netty-buffer\4.1.42.Final\netty-buffer-4.1.42.Final.jar;C:\Users\Wyatt\.m2\repository\io\netty\netty-transport\4.1.42.Final\netty-transport-4.1.42.Final.jar;C:\Users\Wyatt\.m2\repository\io\netty\netty-codec\4.1.42.Final\netty-codec-4.1.42.Final.jar;C:\Users\Wyatt\.m2\repository\io\netty\netty-transport-native-epoll\4.1.42.Final\netty-transport-native-epoll-4.1.42.Final.jar;C:\Users\Wyatt\.m2\repository\io\netty\netty-transport-native-unix-common\4.1.42.Final\netty-transport-native-unix-common-4.1.42.Final.jar;C:\Users\Wyatt\.m2\repository\org\slf4j\slf4j-log4j12\1.7.25\slf4j-log4j12-1.7.25.jar;C:\Users\Wyatt\.m2\repository\log4j\log4j\1.2.17\log4j-1.2.17.jar;C:\Users\Wyatt\.m2\repository\org\apache\commons\commons-compress\1.21\commons-compress-1.21.jar;C:\Users\Wyatt\.m2\repository\org\apache\kerby\kerb-core\1.0.1\kerb-core-1.0.1.jar;C:\Users\Wyatt\.m2\repository\org\apache\kerby\kerby-pkix\1.0.1\kerby-pkix-1.0.1.jar;C:\Users\Wyatt\.m2\repository\org\apache\kerby\kerby-asn1\1.0.1\kerby-asn1-1.0.1.jar;C:\Users\Wyatt\.m2\repository\org\apache\kerby\kerby-util\1.0.1\kerby-util-1.0.1.jar;C:\Users\Wyatt\.m2\repository\com\fasterxml\jackson\core\jackson-databind\2.12.7.1\jackson-databind-2.12.7.1.jar;C:\Users\Wyatt\.m2\repository\com\fasterxml\jackson\core\jackson-annotations\2.12.7\jackson-annotations-2.12.7.jar;C:\Users\Wyatt\.m2\repository\com\fasterxml\jackson\core\jackson-core\2.12.7\jackson-core-2.12.7.jar;C:\Users\Wyatt\.m2\repository\org\codehaus\woodstox\stax2-api\4.2.1\stax2-api-4.2.1.jar;C:\Users\Wyatt\.m2\repository\com\fasterxml\woodstox\woodstox-core\5.4.0\woodstox-core-5.4.0.jar;C:\Users\Wyatt\.m2\repository\dnsjava\dnsjava\2.1.7\dnsjava-2.1.7.jar;C:\Users\Wyatt\.m2\repository\org\xerial\snappy\snappy-java\1.1.8.2\snappy-java-1.1.8.2.jar;C:\Users\Wyatt\.m2\repository\org\apache\hadoop\hadoop-mapreduce-client-core\3.3.5\hadoop-mapreduce-client-core-3.3.5.jar;C:\Users\Wyatt\.m2\repository\org\apache\hadoop\hadoop-yarn-client\3.3.5\hadoop-yarn-client-3.3.5.jar;C:\Users\Wyatt\.m2\repository\org\eclipse\jetty\websocket\websocket-client\9.4.48.v20220622\websocket-client-9.4.48.v20220622.jar;C:\Users\Wyatt\.m2\repository\org\eclipse\jetty\jetty-client\9.4.48.v20220622\jetty-client-9.4.48.v20220622.jar;C:\Users\Wyatt\.m2\repository\org\eclipse\jetty\websocket\websocket-common\9.4.48.v20220622\websocket-common-9.4.48.v20220622.jar;C:\Users\Wyatt\.m2\repository\org\eclipse\jetty\websocket\websocket-api\9.4.48.v20220622\websocket-api-9.4.48.v20220622.jar;C:\Users\Wyatt\.m2\repository\org\jline\jline\3.9.0\jline-3.9.0.jar;C:\Users\Wyatt\.m2\repository\org\apache\hadoop\hadoop-yarn-common\3.3.5\hadoop-yarn-common-3.3.5.jar;C:\Users\Wyatt\.m2\repository\javax\xml\bind\jaxb-api\2.2.11\jaxb-api-2.2.11.jar;C:\Users\Wyatt\.m2\repository\com\sun\jersey\jersey-client\1.19.4\jersey-client-1.19.4.jar;C:\Users\Wyatt\.m2\repository\com\google\inject\guice\4.0\guice-4.0.jar;C:\Users\Wyatt\.m2\repository\javax\inject\javax.inject\1\javax.inject-1.jar;C:\Users\Wyatt\.m2\repository\aopalliance\aopalliance\1.0\aopalliance-1.0.jar;C:\Users\Wyatt\.m2\repository\com\sun\jersey\contribs\jersey-guice\1.19.4\jersey-guice-1.19.4.jar;C:\Users\Wyatt\.m2\repository\com\fasterxml\jackson\module\jackson-module-jaxb-annotations\2.12.7\jackson-module-jaxb-annotations-2.12.7.jar;C:\Users\Wyatt\.m2\repository\jakarta\xml\bind\jakarta.xml.bind-api\2.3.2\jakarta.xml.bind-api-2.3.2.jar;C:\Users\Wyatt\.m2\repository\com\fasterxml\jackson\jaxrs\jackson-jaxrs-json-provider\2.12.7\jackson-jaxrs-json-provider-2.12.7.jar;C:\Users\Wyatt\.m2\repository\com\fasterxml\jackson\jaxrs\jackson-jaxrs-base\2.12.7\jackson-jaxrs-base-2.12.7.jar;C:\Users\Wyatt\.m2\repository\org\apache\hadoop\hadoop-hdfs-client\3.3.5\hadoop-hdfs-client-3.3.5.jar;C:\Users\Wyatt\.m2\repository\com\squareup\okhttp3\okhttp\4.9.3\okhttp-4.9.3.jar;C:\Users\Wyatt\.m2\repository\com\squareup\okio\okio\2.8.0\okio-2.8.0.jar;C:\Users\Wyatt\.m2\repository\org\jetbrains\kotlin\kotlin-stdlib\1.4.10\kotlin-stdlib-1.4.10.jar;C:\Users\Wyatt\.m2\repository\org\jetbrains\kotlin\kotlin-stdlib-common\1.4.10\kotlin-stdlib-common-1.4.10.jar;C:\Users\Wyatt\.m2\repository\com\google\inject\extensions\guice-servlet\4.0\guice-servlet-4.0.jar;C:\Users\Wyatt\.m2\repository\io\netty\netty\3.10.6.Final\netty-3.10.6.Final.jar;C:\Users\Wyatt\.m2\repository\org\apache\hadoop\hadoop-client\3.3.5\hadoop-client-3.3.5.jar;C:\Users\Wyatt\.m2\repository\org\apache\hadoop\hadoop-yarn-api\3.3.5\hadoop-yarn-api-3.3.5.jar;C:\Users\Wyatt\.m2\repository\org\apache\hadoop\hadoop-mapreduce-client-jobclient\3.3.5\hadoop-mapreduce-client-jobclient-3.3.5.jar;C:\Users\Wyatt\.m2\repository\org\apache\hadoop\hadoop-mapreduce-client-common\3.3.5\hadoop-mapreduce-client-common-3.3.5.jar;C:\Users\Wyatt\.m2\repository\junit\junit\4.11\junit-4.11.jar;C:\Users\Wyatt\.m2\repository\org\hamcrest\hamcrest-core\1.3\hamcrest-core-1.3.jar;C:\Users\Wyatt\.m2\repository\org\apache\mrunit\mrunit\1.1.0\mrunit-1.1.0-hadoop2.jar;C:\Users\Wyatt\.m2\repository\org\mockito\mockito-core\1.9.5\mockito-core-1.9.5.jar;C:\Users\Wyatt\.m2\repository\org\objenesis\objenesis\1.0\objenesis-1.0.jar;C:\Users\Wyatt\.m2\repository\org\powermock\powermock-core\1.5.1\powermock-core-1.5.1.jar;C:\Users\Wyatt\.m2\repository\org\powermock\powermock-reflect\1.5.1\powermock-reflect-1.5.1.jar;C:\Users\Wyatt\.m2\repository\org\javassist\javassist\3.18.0-GA\javassist-3.18.0-GA.jar;C:\Users\Wyatt\.m2\repository\org\powermock\powermock-api-mockito\1.5.1\powermock-api-mockito-1.5.1.jar;C:\Users\Wyatt\.m2\repository\org\powermock\powermock-api-support\1.5.1\powermock-api-support-1.5.1.jar;C:\Users\Wyatt\.m2\repository\org\powermock\powermock-module-junit4\1.5.1\powermock-module-junit4-1.5.1.jar;C:\Users\Wyatt\.m2\repository\org\powermock\powermock-module-junit4-common\1.5.1\powermock-module-junit4-common-1.5.1.jar;C:\Users\Wyatt\.m2\repository\org\apache\hadoop\hadoop-minicluster\3.3.5\hadoop-minicluster-3.3.5.jar;C:\Users\Wyatt\.m2\repository\org\apache\hadoop\hadoop-common\3.3.5\hadoop-common-3.3.5-tests.jar;C:\Users\Wyatt\.m2\repository\org\apache\hadoop\hadoop-hdfs\3.3.5\hadoop-hdfs-3.3.5-tests.jar;C:\Users\Wyatt\.m2\repository\commons-daemon\commons-daemon\1.0.13\commons-daemon-1.0.13.jar;C:\Users\Wyatt\.m2\repository\io\netty\netty-all\4.1.77.Final\netty-all-4.1.77.Final.jar;C:\Users\Wyatt\.m2\repository\io\netty\netty-codec-dns\4.1.77.Final\netty-codec-dns-4.1.77.Final.jar;C:\Users\Wyatt\.m2\repository\io\netty\netty-codec-haproxy\4.1.77.Final\netty-codec-haproxy-4.1.77.Final.jar;C:\Users\Wyatt\.m2\repository\io\netty\netty-codec-http\4.1.77.Final\netty-codec-http-4.1.77.Final.jar;C:\Users\Wyatt\.m2\repository\io\netty\netty-codec-http2\4.1.77.Final\netty-codec-http2-4.1.77.Final.jar;C:\Users\Wyatt\.m2\repository\io\netty\netty-codec-memcache\4.1.77.Final\netty-codec-memcache-4.1.77.Final.jar;C:\Users\Wyatt\.m2\repository\io\netty\netty-codec-mqtt\4.1.77.Final\netty-codec-mqtt-4.1.77.Final.jar;C:\Users\Wyatt\.m2\repository\io\netty\netty-codec-redis\4.1.77.Final\netty-codec-redis-4.1.77.Final.jar;C:\Users\Wyatt\.m2\repository\io\netty\netty-codec-smtp\4.1.77.Final\netty-codec-smtp-4.1.77.Final.jar;C:\Users\Wyatt\.m2\repository\io\netty\netty-codec-socks\4.1.77.Final\netty-codec-socks-4.1.77.Final.jar;C:\Users\Wyatt\.m2\repository\io\netty\netty-codec-stomp\4.1.77.Final\netty-codec-stomp-4.1.77.Final.jar;C:\Users\Wyatt\.m2\repository\io\netty\netty-codec-xml\4.1.77.Final\netty-codec-xml-4.1.77.Final.jar;C:\Users\Wyatt\.m2\repository\io\netty\netty-handler-proxy\4.1.77.Final\netty-handler-proxy-4.1.77.Final.jar;C:\Users\Wyatt\.m2\repository\io\netty\netty-resolver\4.1.77.Final\netty-resolver-4.1.77.Final.jar;C:\Users\Wyatt\.m2\repository\io\netty\netty-resolver-dns\4.1.77.Final\netty-resolver-dns-4.1.77.Final.jar;C:\Users\Wyatt\.m2\repository\io\netty\netty-transport-rxtx\4.1.77.Final\netty-transport-rxtx-4.1.77.Final.jar;C:\Users\Wyatt\.m2\repository\io\netty\netty-transport-sctp\4.1.77.Final\netty-transport-sctp-4.1.77.Final.jar;C:\Users\Wyatt\.m2\repository\io\netty\netty-transport-udt\4.1.77.Final\netty-transport-udt-4.1.77.Final.jar;C:\Users\Wyatt\.m2\repository\io\netty\netty-transport-classes-epoll\4.1.77.Final\netty-transport-classes-epoll-4.1.77.Final.jar;C:\Users\Wyatt\.m2\repository\io\netty\netty-transport-classes-kqueue\4.1.77.Final\netty-transport-classes-kqueue-4.1.77.Final.jar;C:\Users\Wyatt\.m2\repository\io\netty\netty-resolver-dns-classes-macos\4.1.77.Final\netty-resolver-dns-classes-macos-4.1.77.Final.jar;C:\Users\Wyatt\.m2\repository\io\netty\netty-transport-native-epoll\4.1.77.Final\netty-transport-native-epoll-4.1.77.Final-linux-x86_64.jar;C:\Users\Wyatt\.m2\repository\io\netty\netty-transport-native-epoll\4.1.77.Final\netty-transport-native-epoll-4.1.77.Final-linux-aarch_64.jar;C:\Users\Wyatt\.m2\repository\io\netty\netty-transport-native-kqueue\4.1.77.Final\netty-transport-native-kqueue-4.1.77.Final-osx-x86_64.jar;C:\Users\Wyatt\.m2\repository\io\netty\netty-transport-native-kqueue\4.1.77.Final\netty-transport-native-kqueue-4.1.77.Final-osx-aarch_64.jar;C:\Users\Wyatt\.m2\repository\io\netty\netty-resolver-dns-native-macos\4.1.77.Final\netty-resolver-dns-native-macos-4.1.77.Final-osx-x86_64.jar;C:\Users\Wyatt\.m2\repository\io\netty\netty-resolver-dns-native-macos\4.1.77.Final\netty-resolver-dns-native-macos-4.1.77.Final-osx-aarch_64.jar;C:\Users\Wyatt\.m2\repository\org\fusesource\leveldbjni\leveldbjni-all\1.8\leveldbjni-all-1.8.jar;C:\Users\Wyatt\.m2\repository\org\apache\hadoop\hadoop-yarn-server-tests\3.3.5\hadoop-yarn-server-tests-3.3.5-tests.jar;C:\Users\Wyatt\.m2\repository\org\apache\hadoop\hadoop-yarn-server-common\3.3.5\hadoop-yarn-server-common-3.3.5.jar;C:\Users\Wyatt\.m2\repository\org\apache\hadoop\hadoop-registry\3.3.5\hadoop-registry-3.3.5.jar;C:\Users\Wyatt\.m2\repository\org\apache\geronimo\specs\geronimo-jcache_1.0_spec\1.0-alpha-1\geronimo-jcache_1.0_spec-1.0-alpha-1.jar;C:\Users\Wyatt\.m2\repository\org\ehcache\ehcache\3.3.1\ehcache-3.3.1.jar;C:\Users\Wyatt\.m2\repository\com\zaxxer\HikariCP-java7\2.4.12\HikariCP-java7-2.4.12.jar;C:\Users\Wyatt\.m2\repository\com\microsoft\sqlserver\mssql-jdbc\6.2.1.jre7\mssql-jdbc-6.2.1.jre7.jar;C:\Users\Wyatt\.m2\repository\org\apache\hadoop\hadoop-yarn-server-nodemanager\3.3.5\hadoop-yarn-server-nodemanager-3.3.5.jar;C:\Users\Wyatt\.m2\repository\org\eclipse\jetty\websocket\javax-websocket-server-impl\9.4.48.v20220622\javax-websocket-server-impl-9.4.48.v20220622.jar;C:\Users\Wyatt\.m2\repository\org\eclipse\jetty\jetty-annotations\9.4.48.v20220622\jetty-annotations-9.4.48.v20220622.jar;C:\Users\Wyatt\.m2\repository\org\eclipse\jetty\jetty-plus\9.4.48.v20220622\jetty-plus-9.4.48.v20220622.jar;C:\Users\Wyatt\.m2\repository\org\eclipse\jetty\jetty-jndi\9.4.48.v20220622\jetty-jndi-9.4.48.v20220622.jar;C:\Users\Wyatt\.m2\repository\javax\annotation\javax.annotation-api\1.3.2\javax.annotation-api-1.3.2.jar;C:\Users\Wyatt\.m2\repository\org\ow2\asm\asm-commons\9.3\asm-commons-9.3.jar;C:\Users\Wyatt\.m2\repository\org\ow2\asm\asm-tree\9.3\asm-tree-9.3.jar;C:\Users\Wyatt\.m2\repository\org\ow2\asm\asm-analysis\9.3\asm-analysis-9.3.jar;C:\Users\Wyatt\.m2\repository\org\eclipse\jetty\websocket\javax-websocket-client-impl\9.4.48.v20220622\javax-websocket-client-impl-9.4.48.v20220622.jar;C:\Users\Wyatt\.m2\repository\javax\websocket\javax.websocket-client-api\1.0\javax.websocket-client-api-1.0.jar;C:\Users\Wyatt\.m2\repository\org\eclipse\jetty\websocket\websocket-server\9.4.48.v20220622\websocket-server-9.4.48.v20220622.jar;C:\Users\Wyatt\.m2\repository\org\eclipse\jetty\websocket\websocket-servlet\9.4.48.v20220622\websocket-servlet-9.4.48.v20220622.jar;C:\Users\Wyatt\.m2\repository\javax\websocket\javax.websocket-api\1.0\javax.websocket-api-1.0.jar;C:\Users\Wyatt\.m2\repository\io\dropwizard\metrics\metrics-core\3.2.4\metrics-core-3.2.4.jar;C:\Users\Wyatt\.m2\repository\net\java\dev\jna\jna\5.2.0\jna-5.2.0.jar;C:\Users\Wyatt\.m2\repository\org\apache\hadoop\hadoop-yarn-server-resourcemanager\3.3.5\hadoop-yarn-server-resourcemanager-3.3.5.jar;C:\Users\Wyatt\.m2\repository\org\apache\hadoop\hadoop-yarn-server-applicationhistoryservice\3.3.5\hadoop-yarn-server-applicationhistoryservice-3.3.5.jar;C:\Users\Wyatt\.m2\repository\de\ruedigermoeller\fst\2.50\fst-2.50.jar;C:\Users\Wyatt\.m2\repository\com\cedarsoftware\java-util\1.9.0\java-util-1.9.0.jar;C:\Users\Wyatt\.m2\repository\com\cedarsoftware\json-io\2.5.1\json-io-2.5.1.jar;C:\Users\Wyatt\.m2\repository\org\apache\hadoop\hadoop-yarn-server-timelineservice\3.3.5\hadoop-yarn-server-timelineservice-3.3.5.jar;C:\Users\Wyatt\.m2\repository\org\apache\commons\commons-csv\1.9.0\commons-csv-1.9.0.jar;C:\Users\Wyatt\.m2\repository\org\apache\hadoop\hadoop-mapreduce-client-jobclient\3.3.5\hadoop-mapreduce-client-jobclient-3.3.5-tests.jar;C:\Users\Wyatt\.m2\repository\org\apache\hadoop\hadoop-hdfs\3.3.5\hadoop-hdfs-3.3.5.jar;C:\Users\Wyatt\.m2\repository\org\apache\hadoop\hadoop-mapreduce-client-app\3.3.5\hadoop-mapreduce-client-app-3.3.5.jar;C:\Users\Wyatt\.m2\repository\org\apache\hadoop\hadoop-mapreduce-client-shuffle\3.3.5\hadoop-mapreduce-client-shuffle-3.3.5.jar;C:\Users\Wyatt\.m2\repository\org\apache\hadoop\hadoop-mapreduce-client-hs\3.3.5\hadoop-mapreduce-client-hs-3.3.5.jar;C:\Users\Wyatt\.m2\repository\org\apache\hadoop\hadoop-yarn-server-web-proxy\3.3.5\hadoop-yarn-server-web-proxy-3.3.5.jar;C:\Users\Wyatt\.m2\repository\org\bouncycastle\bcprov-jdk15on\1.68\bcprov-jdk15on-1.68.jar;C:\Users\Wyatt\.m2\repository\org\bouncycastle\bcpkix-jdk15on\1.68\bcpkix-jdk15on-1.68.jar;"/>
    <property name="sun.cpu.endian" value="little"/>
    <property name="user.home" value="C:\Users\Wyatt"/>
    <property name="user.language" value="en"/>
    <property name="java.specification.vendor" value="Oracle Corporation"/>
    <property name="java.version.date" value="2023-04-18"/>
    <property name="java.home" value="C:\Program Files\Java\jdk-11"/>
    <property name="file.separator" value="\"/>
    <property name="basedir" value="c:\Users\Wyatt\Desktop\Code\BigData\Proj3\demo"/>
    <property name="java.vm.compressedOopsMode" value="Zero based"/>
    <property name="line.separator" value="&#10;"/>
    <property name="java.specification.name" value="Java Platform API Specification"/>
    <property name="java.vm.specification.vendor" value="Oracle Corporation"/>
    <property name="java.awt.graphicsenv" value="sun.awt.Win32GraphicsEnvironment"/>
    <property name="surefire.real.class.path" value="C:\Users\Wyatt\AppData\Local\Temp\surefire12902998483747866292\surefirebooter-20231010190749306_3.jar"/>
    <property name="user.script" value=""/>
    <property name="sun.management.compiler" value="HotSpot 64-Bit Tiered Compilers"/>
    <property name="java.runtime.version" value="11.0.19+9-LTS-224"/>
    <property name="user.name" value="Wyatt"/>
    <property name="path.separator" value=";"/>
    <property name="os.version" value="10.0"/>
    <property name="java.runtime.name" value="Java(TM) SE Runtime Environment"/>
    <property name="file.encoding" value="Cp1252"/>
    <property name="java.vm.name" value="Java HotSpot(TM) 64-Bit Server VM"/>
    <property name="java.vendor.version" value="18.9"/>
    <property name="localRepository" value="C:\Users\Wyatt\.m2\repository"/>
    <property name="java.vendor.url.bug" value="https://bugreport.java.com/bugreport/"/>
    <property name="java.io.tmpdir" value="C:\Users\Wyatt\AppData\Local\Temp\"/>
    <property name="java.version" value="11.0.19"/>
    <property name="user.dir" value="c:\Users\Wyatt\Desktop\Code\BigData\Proj3\demo"/>
    <property name="os.arch" value="amd64"/>
    <property name="java.vm.specification.name" value="Java Virtual Machine Specification"/>
    <property name="java.awt.printerjob" value="sun.awt.windows.WPrinterJob"/>
    <property name="sun.os.patch.level" value=""/>
    <property name="java.library.path" value="C:\Program Files\Java\jdk-11\bin;C:\Windows\Sun\Java\bin;C:\Windows\system32;C:\Windows;C:\Program Files\PowerShell\7;C:\Program Files\Common Files\Oracle\Java\javapath;C:\Program Files (x86)\Common Files\Oracle\Java\javapath;C:\Windows\system32;C:\Windows;C:\Windows\System32\Wbem;C:\Windows\System32\WindowsPowerShell\v1.0\;C:\Windows\System32\OpenSSH\;C:\Program Files\Microsoft VS Code\bin;C:\Program Files (x86)\NVIDIA Corporation\PhysX\Common;C:\Program Files\NVIDIA Corporation\NVIDIA NvDLISR;C:\Program Files\nodejs\;C:\ProgramData\chocolatey\bin;C:\Program Files\Git\cmd;C:\Users\Wyatt\AppData\Local\Packages\PythonSoftwareFoundation.Python.3.11_qbz5n2kfra8p0\LocalCache\local-packages\Python311\site-packages\openllm;C:\Users\Wyatt\AppData\Local\Packages\PythonSoftwareFoundation.Python.3.11_qbz5n2kfra8p0\LocalCache\local-packages\Python311\Scripts;C:\Users\Wyatt\Documents\hadoop-3.3.5\bin;C:\Users\Wyatt\Documents\hadoop-3.3.5\sbin;C:\Program Files\Java\jdk1.8.0_72\bin;C:\Program Files\PowerShell\7\;C:\Users\Wyatt\AppData\Local\Microsoft\WindowsApps;C:\Users\Wyatt\AppData\Roaming\npm;."/>
    <property name="java.vendor" value="Oracle Corporation"/>
    <property name="java.vm.info" value="mixed mode"/>
    <property name="java.vm.version" value="11.0.19+9-LTS-224"/>
    <property name="sun.io.unicode.encoding" value="UnicodeLittle"/>
    <property name="java.class.version" value="55.0"/>
  </properties>
  <testcase name="processesValidRecord" classname="YelpReviewMapperTest" time="0.19">
    <failure message="1 Error(s): (Missing expected output (1950, -11) at position 0, got (0043011990999991950051518004+68750+023550FM-12+038299999V0203201N00261220001CN9999999N9-00111+99999999999, 1).)" type="java.lang.AssertionError"><![CDATA[java.lang.AssertionError: 1 Error(s): (Missing expected output (1950, -11) at position 0, got (0043011990999991950051518004+68750+023550FM-12+038299999V0203201N00261220001CN9999999N9-00111+99999999999, 1).)
	at org.junit.Assert.fail(Assert.java:88)
	at org.apache.hadoop.mrunit.internal.util.Errors.assertNone(Errors.java:73)
	at org.apache.hadoop.mrunit.TestDriver.validate(TestDriver.java:768)
	at org.apache.hadoop.mrunit.TestDriver.runTest(TestDriver.java:641)
	at org.apache.hadoop.mrunit.TestDriver.runTest(TestDriver.java:627)
	at YelpReviewMapperTest.processesValidRecord(YelpReviewMapperTest.java:20)
	at java.base/jdk.internal.reflect.NativeMethodAccessorImpl.invoke0(Native Method)
	at java.base/jdk.internal.reflect.NativeMethodAccessorImpl.invoke(NativeMethodAccessorImpl.java:62)
	at java.base/jdk.internal.reflect.DelegatingMethodAccessorImpl.invoke(DelegatingMethodAccessorImpl.java:43)
	at java.base/java.lang.reflect.Method.invoke(Method.java:566)
	at org.junit.runners.model.FrameworkMethod$1.runReflectiveCall(FrameworkMethod.java:47)
	at org.junit.internal.runners.model.ReflectiveCallable.run(ReflectiveCallable.java:12)
	at org.junit.runners.model.FrameworkMethod.invokeExplosively(FrameworkMethod.java:44)
	at org.junit.internal.runners.statements.InvokeMethod.evaluate(InvokeMethod.java:17)
	at org.junit.runners.ParentRunner.runLeaf(ParentRunner.java:271)
	at org.junit.runners.BlockJUnit4ClassRunner.runChild(BlockJUnit4ClassRunner.java:70)
	at org.junit.runners.BlockJUnit4ClassRunner.runChild(BlockJUnit4ClassRunner.java:50)
	at org.junit.runners.ParentRunner$3.run(ParentRunner.java:238)
	at org.junit.runners.ParentRunner$1.schedule(ParentRunner.java:63)
	at org.junit.runners.ParentRunner.runChildren(ParentRunner.java:236)
	at org.junit.runners.ParentRunner.access$000(ParentRunner.java:53)
	at org.junit.runners.ParentRunner$2.evaluate(ParentRunner.java:229)
	at org.junit.runners.ParentRunner.run(ParentRunner.java:309)
	at org.apache.maven.surefire.junit4.JUnit4Provider.execute(JUnit4Provider.java:316)
	at org.apache.maven.surefire.junit4.JUnit4Provider.executeWithRerun(JUnit4Provider.java:240)
	at org.apache.maven.surefire.junit4.JUnit4Provider.executeTestSet(JUnit4Provider.java:214)
	at org.apache.maven.surefire.junit4.JUnit4Provider.invoke(JUnit4Provider.java:155)
	at org.apache.maven.surefire.booter.ForkedBooter.runSuitesInProcess(ForkedBooter.java:385)
	at org.apache.maven.surefire.booter.ForkedBooter.execute(ForkedBooter.java:162)
	at org.apache.maven.surefire.booter.ForkedBooter.run(ForkedBooter.java:507)
	at org.apache.maven.surefire.booter.ForkedBooter.main(ForkedBooter.java:495)
]]></failure>
    <system-out><![CDATA[Input (value): 0043011990999991950051518004+68750+023550FM-12+038299999V0203201N00261220001CN9999999N9-00111+99999999999
Review (line): 0043011990999991950051518004+68750+023550FM-12+038299999V0203201N00261220001CN9999999N9-00111+99999999999
Review Length (length): 105
2023-10-10 19:07:49,725 ERROR [main] mrunit.TestDriver (Errors.java:record(57)) - Missing expected output (1950, -11) at position 0, got (0043011990999991950051518004+68750+023550FM-12+038299999V0203201N00261220001CN9999999N9-00111+99999999999, 1).
]]></system-out>
    <system-err><![CDATA[SLF4J: Class path contains multiple SLF4J bindings.
SLF4J: Found binding in [jar:file:/C:/Users/Wyatt/.m2/repository/org/slf4j/slf4j-reload4j/1.7.36/slf4j-reload4j-1.7.36.jar!/org/slf4j/impl/StaticLoggerBinder.class]
SLF4J: Found binding in [jar:file:/C:/Users/Wyatt/.m2/repository/org/slf4j/slf4j-log4j12/1.7.25/slf4j-log4j12-1.7.25.jar!/org/slf4j/impl/StaticLoggerBinder.class]
SLF4J: See http://www.slf4j.org/codes.html#multiple_bindings for an explanation.
SLF4J: Actual binding is of type [org.slf4j.impl.Reload4jLoggerFactory]
]]></system-err>
  </testcase>
</testsuite>